  main.cpp
C:\Users\user\hapis\Libraries\protobuf-2.5.0\Include\google/protobuf/descriptor.h(1445): warning C4244: 'return': conversion from '__int64' to 'int', possible loss of data
C:\Users\user\hapis\Libraries\protobuf-2.5.0\Include\google/protobuf/descriptor.h(1447): warning C4244: 'return': conversion from '__int64' to 'int', possible loss of data
C:\Users\user\hapis\Libraries\protobuf-2.5.0\Include\google/protobuf/descriptor.h(1449): warning C4244: 'return': conversion from '__int64' to 'int', possible loss of data
C:\Users\user\hapis\Libraries\protobuf-2.5.0\Include\google/protobuf/descriptor.h(1455): warning C4244: 'return': conversion from '__int64' to 'int', possible loss of data
C:\Users\user\hapis\Libraries\protobuf-2.5.0\Include\google/protobuf/descriptor.h(1457): warning C4244: 'return': conversion from '__int64' to 'int', possible loss of data
C:\Users\user\hapis\Libraries\protobuf-2.5.0\Include\google/protobuf/descriptor.h(1463): warning C4244: 'return': conversion from '__int64' to 'int', possible loss of data
C:\Users\user\hapis\Libraries\protobuf-2.5.0\Include\google/protobuf/descriptor.h(1465): warning C4244: 'return': conversion from '__int64' to 'int', possible loss of data
C:\Users\user\hapis\Libraries\protobuf-2.5.0\Include\google/protobuf/descriptor.h(1470): warning C4244: 'return': conversion from '__int64' to 'int', possible loss of data
C:\Users\user\hapis\Libraries\protobuf-2.5.0\Include\google/protobuf/descriptor.h(1474): warning C4244: 'return': conversion from '__int64' to 'int', possible loss of data
C:\Users\user\hapis\Libraries\protobuf-2.5.0\Include\google/protobuf/descriptor.h(1478): warning C4244: 'return': conversion from '__int64' to 'int', possible loss of data
C:\Users\user\hapis\Libraries\protobuf-2.5.0\Include\google/protobuf/unknown_field_set.h(142): warning C4267: 'argument': conversion from 'size_t' to 'int', possible loss of data
C:\Users\user\hapis\Libraries\protobuf-2.5.0\Include\google/protobuf/unknown_field_set.h(237): warning C4267: 'return': conversion from 'size_t' to 'int', possible loss of data
C:\Users\user\hapis\Libraries\protobuf-2.5.0\Include\google/protobuf/unknown_field_set.h(305): warning C4267: 'return': conversion from 'size_t' to 'int', possible loss of data
  overlay.cpp
overlay.cpp(39): warning C4244: 'argument': conversion from 'int' to 'float', possible loss of data
overlay.cpp(40): warning C4244: 'argument': conversion from 'int' to 'float', possible loss of data
overlay.cpp(196): warning C4244: 'argument': conversion from 'float' to 'BYTE', possible loss of data
overlay.obj : error LNK2001: unresolved external symbol "void __cdecl ImGui_ImplDX9_InvalidateDeviceObjects(void)" (?ImGui_ImplDX9_InvalidateDeviceObjects@@YAXXZ)
overlay.obj : error LNK2001: unresolved external symbol "bool __cdecl ImGui_ImplDX9_Init(void *,struct IDirect3DDevice9 *)" (?ImGui_ImplDX9_Init@@YA_NPEAXPEAUIDirect3DDevice9@@@Z)
overlay.obj : error LNK2001: unresolved external symbol "bool __cdecl ImGui_ImplDX9_CreateDeviceObjects(void)" (?ImGui_ImplDX9_CreateDeviceObjects@@YA_NXZ)
overlay.obj : error LNK2001: unresolved external symbol "bool __cdecl ImGui::ColorEdit3(char const *,float * const)" (?ColorEdit3@ImGui@@YA_NPEBDQEAM@Z)
overlay.obj : error LNK2001: unresolved external symbol "struct ImGuiIO & __cdecl ImGui::GetIO(void)" (?GetIO@ImGui@@YAAEAUImGuiIO@@XZ)
overlay.obj : error LNK2001: unresolved external symbol "bool __cdecl ImGui::SliderFloat(char const *,float *,float,float,char const *,float)" (?SliderFloat@ImGui@@YA_NPEBDPEAMMM0M@Z)
overlay.obj : error LNK2001: unresolved external symbol "bool __cdecl ImGui::Button(char const *,struct ImVec2 const &)" (?Button@ImGui@@YA_NPEBDAEBUImVec2@@@Z)
overlay.obj : error LNK2001: unresolved external symbol "void __cdecl ImGui::Render(void)" (?Render@ImGui@@YAXXZ)
overlay.obj : error LNK2001: unresolved external symbol "void __cdecl ImGui::Text(char const *,...)" (?Text@ImGui@@YAXPEBDZZ)
C:\Users\user\hapis\x64\Release\hapis.exe : fatal error LNK1120: 9 unresolved externals
